<?xml version="1.0" encoding="UTF-8"?>
<testsuite name="ReadabilityTest" tests="1" skipped="0" failures="0" errors="0" timestamp="2021-08-20T15:37:11" hostname="LAPTOP-4KFU9O35" time="0.218">
  <properties/>
  <testcase name="start" classname="ReadabilityTest" time="0.218"/>
  <system-out><![CDATA[?[1;31m
Start test 1?[0m
13 SC
Words: 108
Sentences: 6
Characters: 580
The score is: 12.86
This text should be understood by 18-24-year-olds.
?[1;31m
Start test 2?[0m
6 SC
Words: 100
Sentences: 10
Characters: 476
The score is: 5.99
This text should be understood by 11-12-year-olds.
?[1;31m
Start test 3?[0m
12 SC
Words: 180
Sentences: 13
Characters: 982
The score is: 11.19
This text should be understood by 17-18-year-olds.
]]></system-out>
  <system-err><![CDATA[]]></system-err>
</testsuite>
