<?xml version="1.0" encoding="UTF-8"?>
<testsuite name="ReadabilityTest" tests="1" skipped="0" failures="0" errors="0" timestamp="2021-08-09T18:45:07" hostname="LAPTOP-4KFU9O35" time="0.162">
  <properties/>
  <testcase name="start" classname="ReadabilityTest" time="0.162"/>
  <system-out><![CDATA[?[1;31m
Start test 1?[0m
> This text is simple to read! It has on average less than 10 words per sentence.
?[1;31m
Start test 2?[0m
> This text is hard to read. It contains a lot of sentences as well as a lot of words in each sentence
?[1;31m
Start test 3?[0m
> 1 1 1 1 1 1 1 1 1 1 1 1 1 1 1 1 1 1 1 1 1 1 1 1 1 1 1 1 1 1 1 1 1 1 1 1 1 1 1 1 1 1 1 1 1 1 1 1 1 1 1 1 1 1 1 1 1 1 1 1 1 1 1 1 1 1 1 1 1 1 1 1 1 1 1 1 1 1 1 1 1 1 1 1 1 1 1 1 1 1 1 1 1 1 1 1 1 1 1 1. 1. 1.
?[1;31m
Start test 4?[0m
> 12, 12 13 14 14 14, 12 21 23 89! 75 12, 134 241 123, 123 123 123, 123 123 123? 123, 123 123 123 23 123 213 123 123 123.
?[1;31m
Start test 5?[0m
> 12, 12 13 14 14 14, 12 21 23 89! 75 12, 241 123, 123 123 123, 123 123 123? 123, 123 123 123 23 123 213 123 123 123.
?[1;31m
Start test 6?[0m
> Readability is the ease with which a reader can understand a written text. In natural language, the readability of text depends on its content and its presentation. Researchers have used various factors to measure readability. And that is it!
]]></system-out>
  <system-err><![CDATA[]]></system-err>
</testsuite>
